{"numFailedTestSuites":0,"numFailedTests":0,"numPassedTestSuites":1,"numPassedTests":4,"numPendingTestSuites":0,"numPendingTests":0,"numRuntimeErrorTestSuites":0,"numTodoTests":0,"numTotalTestSuites":1,"numTotalTests":4,"openHandles":[],"snapshot":{"added":0,"didUpdate":false,"failure":false,"filesAdded":0,"filesRemoved":0,"filesRemovedList":[],"filesUnmatched":0,"filesUpdated":0,"matched":0,"total":0,"unchecked":0,"uncheckedKeysByFile":[],"unmatched":0,"updated":0},"startTime":1766231775811,"success":true,"testResults":[{"assertionResults":[{"ancestorTitles":["NFSE Controller","iniciar"],"duration":709,"failing":false,"failureDetails":[],"failureMessages":[],"fullName":"NFSE Controller iniciar deve criar um job e iniciar o processamento em background","invocations":1,"location":null,"numPassingAsserts":5,"retryReasons":[],"startAt":1766231783488,"status":"passed","title":"deve criar um job e iniciar o processamento em background"},{"ancestorTitles":["NFSE Controller","processarGeracaoNfseJob"],"duration":35,"failing":false,"failureDetails":[],"failureMessages":[],"fullName":"NFSE Controller processarGeracaoNfseJob deve processar o job, gerar XMLs e enviar SOAP","invocations":1,"location":null,"numPassingAsserts":10,"retryReasons":[],"startAt":1766231784198,"status":"passed","title":"deve processar o job, gerar XMLs e enviar SOAP"},{"ancestorTitles":["NFSE Controller","imprimirNFSE"],"duration":10,"failing":false,"failureDetails":[],"failureMessages":[],"fullName":"NFSE Controller imprimirNFSE deve buscar detalhes da NFSE se encontrar no banco","invocations":1,"location":null,"numPassingAsserts":4,"retryReasons":[],"startAt":1766231784234,"status":"passed","title":"deve buscar detalhes da NFSE se encontrar no banco"},{"ancestorTitles":["NFSE Controller","cancelarNfse"],"duration":7,"failing":false,"failureDetails":[],"failureMessages":[],"fullName":"NFSE Controller cancelarNfse deve criar job de cancelamento","invocations":1,"location":null,"numPassingAsserts":3,"retryReasons":[],"startAt":1766231784244,"status":"passed","title":"deve criar job de cancelamento"}],"endTime":1766231784253,"message":"","name":"C:\\GitHub\\Wip_Diversos\\backend\\src\\controller\\__tests__\\NFSE.test.ts","startTime":1766231776111,"status":"passed","summary":""}],"wasInterrupted":false}
